
**********************************************************

Log started: 21 Jul 2023 2:43:58pm

Translating Axe-Fx III preset: 2 ITS A LONG WAY     E
- Removing Synth 2: not compatible with device.
- Removing Reverb 2: not compatible with device.
- Removing Delay 3: not compatible with device.
Translating Axe-Fx III preset: Bag Pipes MC A drone TM
- Removing Synth 2: not compatible with device.
- Removing Volume/Pan 3: not compatible with device.
- Removing Tonematch 1: not compatible with device.
Translating Axe-Fx III preset: Bag Pipes MC A drone TM
- Removing Synth 2: not compatible with device.
- Removing Volume/Pan 3: not compatible with device.
- Removing Tonematch 1: not compatible with device.

**********************************************************

Log started: 21 Jul 2023 3:29:32pm

Translating Axe-Fx III preset: Bag Pipes MC A drone A11.00
- Removing Synth 2: not compatible with device.
- Removing Volume/Pan 3: not compatible with device.
Translating Axe-Fx III preset: Bag Pipes A drone MC 16.05
- Removing Synth 2: not compatible with device.
- Removing Volume/Pan 3: not compatible with device.
Translating Axe-Fx III preset: Bag Pipes MC A drone TM
- Removing Synth 2: not compatible with device.
- Removing Volume/Pan 3: not compatible with device.
- Removing Tonematch 1: not compatible with device.
